C51 COMPILER V9.56.0.0   UART                                                              06/30/2017 23:09:46 PAGE 1   


C51 COMPILER V9.56.0.0, COMPILATION OF MODULE UART
OBJECT MODULE PLACED IN .\Objects\uart.obj
COMPILER INVOKED BY: E:\Keil_v5\C51\BIN\C51.EXE Source\uart.c OPTIMIZE(9,SPEED) BROWSE INCDIR(.\Include;E:\Keil_v5\C51\I
                    -NC\STC) DEBUG OBJECTEXTEND PRINT(.\Listings\uart.lst) TABS(2) OBJECT(.\Objects\uart.obj)

line level    source

   1          #include <stc15.h>
   2          #include"uart.h"
   3          /*void UART1_init_57600()   //串口1初始化
   4          {
   5            ACC = P_SW1;
   6              ACC &= ~(S1_S0 | S1_S1);    //S1_S0=0 S1_S1=0
   7              P_SW1 = ACC;                //(P3.0/RxD, P3.1/TxD)
   8          
   9            SCON = 0x50;    //8位数据,可变波特率
  10            AUXR |= 0x01;   //串口1选择定时器2为波特率发生器
  11            AUXR |= 0x04;   //定时器2时钟为Fosc,即1T
  12            T2L = 0xD0;     //设定定时初值
  13            T2H = 0xFF;     //设定定时初值
  14            AUXR |= 0x10;   //启动定时器2
  15          }*/
  16          
  17          void UART2_init_57600()   //串口2初始化
  18          {
  19   1        P_SW2 &= ~S2_S0;    //S2_S0=0 (P1.0/RxD2, P1.1/TxD2) 
  20   1        S2CON = 0x50;   //8位数据,可变波特率
  21   1        AUXR |= 0x04;   //定时器2时钟为Fosc,即1T
  22   1        T2L = 0xD0;     //设定定时初值
  23   1        T2H = 0xFF;     //设定定时初值
  24   1        AUXR |= 0x10;   //启动定时器2
  25   1      }
  26          
  27          /*void UART1_Send_Byte(unsigned char dat)//串口1发送一个字节的数据
  28          {  
  29            SBUF = dat;     //把数据放在串口1发送缓冲器中
  30            while(!TI);   //等待数据发送完毕
  31            TI = 0;         //清除TI位
  32          }*/
  33          
  34          void UART2_Send_Byte(unsigned char dat)//串口2发送一个字节的数据
  35          {  
  36   1        S2BUF = dat;              //把数据放在串口2发送缓冲器中
  37   1        while(!(S2CON & S2TI));   //等待数据发送完毕
  38   1        S2CON &= ~S2TI;           //清除S2TI位
  39   1      }
  40          
  41          /*unsigned char UART1_Receive_Byte()//串口2接受一个字节的数据
  42          { 
  43            unsigned char dat;     
  44            while(!RI);       //等待数据接收完毕
  45            RI = 0;             //清除RI位
  46            dat = SBUF;         //把数据从接收缓冲器中读出来放到dat中
  47            return (dat);   //返回接收到的数据
  48          }*/
  49          
  50          unsigned char UART2_Receive_Byte()//串口2接受一个字节的数据
  51          { 
  52   1        unsigned char dat;     
  53   1        while(!(S2CON & S2RI));    //等待数据接收完毕
  54   1        S2CON &= ~S2RI;            //清除S2RI位
C51 COMPILER V9.56.0.0   UART                                                              06/30/2017 23:09:46 PAGE 2   

  55   1        dat = S2BUF;               //把数据从接收缓冲器中读出来放到dat中
  56   1        return (dat);
  57   1      }


MODULE INFORMATION:   STATIC OVERLAYABLE
   CODE SIZE        =     41    ----
   CONSTANT SIZE    =   ----    ----
   XDATA SIZE       =   ----    ----
   PDATA SIZE       =   ----    ----
   DATA SIZE        =   ----    ----
   IDATA SIZE       =   ----    ----
   BIT SIZE         =   ----    ----
END OF MODULE INFORMATION.


C51 COMPILATION COMPLETE.  0 WARNING(S),  0 ERROR(S)
